#
# There is insufficient memory for the Java Runtime Environment to continue.
# Native memory allocation (malloc) failed to allocate 32744 bytes for Chunk::new
# Possible reasons:
#   The system is out of physical RAM or swap space
#   The process is running with CompressedOops enabled, and the Java Heap may be blocking the growth of the native heap
# Possible solutions:
#   Reduce memory load on the system
#   Increase physical memory or swap space
#   Check if swap backing store is full
#   Decrease Java heap size (-Xmx/-Xms)
#   Decrease number of Java threads
#   Decrease Java thread stack sizes (-Xss)
#   Set larger code cache with -XX:ReservedCodeCacheSize=
#   JVM is running with Unscaled Compressed Oops mode in which the Java heap is
#     placed in the first 4GB address space. The Java Heap base address is the
#     maximum limit for the native heap growth. Please use -XX:HeapBaseMinAddress
#     to set the Java Heap base and to place the Java Heap above 4GB virtual address.
# This output file may be truncated or incomplete.
#
#  Out of Memory Error (arena.cpp:184), pid=13740, tid=16824
#
# JRE version: Java(TM) SE Runtime Environment (18.0.2.1+1) (build 18.0.2.1+1-1)
# Java VM: Java HotSpot(TM) 64-Bit Server VM (18.0.2.1+1-1, mixed mode, sharing, tiered, compressed oops, compressed class ptrs, g1 gc, windows-amd64)
# No core dump will be written. Minidumps are not enabled by default on client versions of Windows
#

---------------  S U M M A R Y ------------

Command Line: -javaagent:C:\Program Files\JetBrains\IntelliJ IDEA Community Edition 2022.2.1\lib\idea_rt.jar=52571:C:\Program Files\JetBrains\IntelliJ IDEA Community Edition 2022.2.1\bin -Dfile.encoding=UTF-8 -Dsun.stdout.encoding=UTF-8 -Dsun.stderr.encoding=UTF-8 com.masai.model.Main

Host: 11th Gen Intel(R) Core(TM) i3-1115G4 @ 3.00GHz, 4 cores, 7G,  Windows 11 , 64 bit Build 22621 (10.0.22621.755)
Time: Thu Dec  1 14:29:41 2022 India Standard Time elapsed time: 0.749567 seconds (0d 0h 0m 0s)

---------------  T H R E A D  ---------------

Current thread (0x000001ea70c0e430):  JavaThread "main" [_thread_in_vm, id=16824, stack(0x0000008976000000,0x0000008976100000)]

Stack: [0x0000008976000000,0x0000008976100000]
Native frames: (J=compiled Java code, j=interpreted, Vv=VM code, C=native code)
V  [jvm.dll+0x6993aa]
V  [jvm.dll+0x7f46dd]
V  [jvm.dll+0x7f5fee]
V  [jvm.dll+0x7f66a3]
V  [jvm.dll+0x25cf1f]
V  [jvm.dll+0xb8c2f]
V  [jvm.dll+0xb8fa5]
V  [jvm.dll+0x200b05]
V  [jvm.dll+0x203883]
V  [jvm.dll+0x1f8d61]
V  [jvm.dll+0x55dc05]
V  [jvm.dll+0x76e943]
V  [jvm.dll+0x76ea24]
V  [jvm.dll+0x42d7b4]
V  [jvm.dll+0x4334bf]
C  [java.dll+0x17ec]

Java frames: (J=compiled Java code, j=interpreted, Vv=VM code)
j  java.lang.ClassLoader.defineClass1(Ljava/lang/ClassLoader;Ljava/lang/String;[BIILjava/security/ProtectionDomain;Ljava/lang/String;)Ljava/lang/Class;+0 java.base@18.0.2.1
j  java.lang.ClassLoader.defineClass(Ljava/lang/String;[BIILjava/security/ProtectionDomain;)Ljava/lang/Class;+27 java.base@18.0.2.1
j  java.security.SecureClassLoader.defineClass(Ljava/lang/String;[BIILjava/security/CodeSource;)Ljava/lang/Class;+12 java.base@18.0.2.1
j  jdk.internal.loader.BuiltinClassLoader.defineClass(Ljava/lang/String;Ljdk/internal/loader/Resource;)Ljava/lang/Class;+117 java.base@18.0.2.1
J 760 c1 jdk.internal.loader.BuiltinClassLoader.findClassOnClassPathOrNull(Ljava/lang/String;)Ljava/lang/Class; java.base@18.0.2.1 (64 bytes) @ 0x000001ea006cb134 [0x000001ea006ca460+0x0000000000000cd4]
J 646 c1 jdk.internal.loader.BuiltinClassLoader.loadClassOrNull(Ljava/lang/String;Z)Ljava/lang/Class; java.base@18.0.2.1 (143 bytes) @ 0x000001ea00695c34 [0x000001ea006951c0+0x0000000000000a74]
J 733 c1 jdk.internal.loader.ClassLoaders$AppClassLoader.loadClass(Ljava/lang/String;Z)Ljava/lang/Class; java.base@18.0.2.1 (40 bytes) @ 0x000001ea006be344 [0x000001ea006be160+0x00000000000001e4]
j  java.lang.ClassLoader.loadClass(Ljava/lang/String;)Ljava/lang/Class;+3 java.base@18.0.2.1
v  ~StubRoutines::call_stub
j  org.hibernate.service.StandardServiceInitiators.buildStandardServiceInitiatorList()Ljava/util/List;+233
j  org.hibernate.service.StandardServiceInitiators.<clinit>()V+0
v  ~StubRoutines::call_stub
j  org.hibernate.boot.registry.StandardServiceRegistryBuilder.standardInitiatorList()Ljava/util/List;+4
j  org.hibernate.boot.registry.StandardServiceRegistryBuilder.<init>(Lorg/hibernate/boot/registry/BootstrapServiceRegistry;Ljava/util/Map;Lorg/hibernate/boot/cfgxml/spi/LoadedConfig;)V+48
j  org.hibernate.boot.registry.StandardServiceRegistryBuilder$2.<init>(Lorg/hibernate/boot/registry/BootstrapServiceRegistry;Ljava/util/Map;Lorg/hibernate/boot/cfgxml/spi/LoadedConfig;)V+4
j  org.hibernate.boot.registry.StandardServiceRegistryBuilder.forJpa(Lorg/hibernate/boot/registry/BootstrapServiceRegistry;)Lorg/hibernate/boot/registry/StandardServiceRegistryBuilder;+22
j  org.hibernate.jpa.boot.internal.EntityManagerFactoryBuilderImpl.getStandardServiceRegistryBuilder(Lorg/hibernate/boot/registry/BootstrapServiceRegistry;)Lorg/hibernate/boot/registry/StandardServiceRegistryBuilder;+1
j  org.hibernate.jpa.boot.internal.EntityManagerFactoryBuilderImpl.<init>(Lorg/hibernate/jpa/boot/spi/PersistenceUnitDescriptor;Ljava/util/Map;Ljava/lang/ClassLoader;Lorg/hibernate/boot/registry/classloading/spi/ClassLoaderService;)V+83
j  org.hibernate.jpa.boot.internal.EntityManagerFactoryBuilderImpl.<init>(Lorg/hibernate/jpa/boot/spi/PersistenceUnitDescriptor;Ljava/util/Map;Ljava/lang/ClassLoader;)V+5
j  org.hibernate.jpa.boot.spi.Bootstrap.getEntityManagerFactoryBuilder(Lorg/hibernate/jpa/boot/spi/PersistenceUnitDescriptor;Ljava/util/Map;Ljava/lang/ClassLoader;)Lorg/hibernate/jpa/boot/spi/EntityManagerFactoryBuilder;+7
j  org.hibernate.jpa.HibernatePersistenceProvider.getEntityManagerFactoryBuilder(Lorg/hibernate/jpa/boot/spi/PersistenceUnitDescriptor;Ljava/util/Map;Ljava/lang/ClassLoader;)Lorg/hibernate/jpa/boot/spi/EntityManagerFactoryBuilder;+3
j  org.hibernate.jpa.HibernatePersistenceProvider.getEntityManagerFactoryBuilderOrNull(Ljava/lang/String;Ljava/util/Map;Ljava/lang/ClassLoader;Lorg/hibernate/boot/registry/classloading/spi/ClassLoaderService;)Lorg/hibernate/jpa/boot/spi/EntityManagerFactoryBuilder;+220
j  org.hibernate.jpa.HibernatePersistenceProvider.getEntityManagerFactoryBuilderOrNull(Ljava/lang/String;Ljava/util/Map;)Lorg/hibernate/jpa/boot/spi/EntityManagerFactoryBuilder;+5
j  org.hibernate.jpa.HibernatePersistenceProvider.createEntityManagerFactory(Ljava/lang/String;Ljava/util/Map;)Ljavax/persistence/EntityManagerFactory;+12
j  javax.persistence.Persistence.createEntityManagerFactory(Ljava/lang/String;Ljava/util/Map;)Ljavax/persistence/EntityManagerFactory;+49
j  javax.persistence.Persistence.createEntityManagerFactory(Ljava/lang/String;)Ljavax/persistence/EntityManagerFactory;+2
j  com.masai.model.Main.main([Ljava/lang/String;)V+291
v  ~StubRoutines::call_stub

---------------  P R O C E S S  ---------------

Threads class SMR info:
_java_thread_list=0x000001ea7f7635c0, length=13, elements={
0x000001ea70c0e430, 0x000001ea7f3477c0, 0x000001ea7f349170, 0x000001ea7f365200,
0x000001ea7f365ba0, 0x000001ea7f366540, 0x000001ea7f366ee0, 0x000001ea7f367bb0,
0x000001ea7f36b130, 0x000001ea7f3dd9b0, 0x000001ea7f53f2e0, 0x000001ea7f6b0200,
0x000001ea7f7680e0
}

Java Threads: ( => current thread )
=>0x000001ea70c0e430 JavaThread "main" [_thread_in_vm, id=16824, stack(0x0000008976000000,0x0000008976100000)]
  0x000001ea7f3477c0 JavaThread "Reference Handler" daemon [_thread_blocked, id=10676, stack(0x0000008976700000,0x0000008976800000)]
  0x000001ea7f349170 JavaThread "Finalizer" daemon [_thread_blocked, id=17320, stack(0x0000008976800000,0x0000008976900000)]
  0x000001ea7f365200 JavaThread "Signal Dispatcher" daemon [_thread_blocked, id=8920, stack(0x0000008976900000,0x0000008976a00000)]
  0x000001ea7f365ba0 JavaThread "Attach Listener" daemon [_thread_blocked, id=21400, stack(0x0000008976a00000,0x0000008976b00000)]
  0x000001ea7f366540 JavaThread "Service Thread" daemon [_thread_blocked, id=4012, stack(0x0000008976b00000,0x0000008976c00000)]
  0x000001ea7f366ee0 JavaThread "Monitor Deflation Thread" daemon [_thread_blocked, id=12796, stack(0x0000008976c00000,0x0000008976d00000)]
  0x000001ea7f367bb0 JavaThread "C2 CompilerThread0" daemon [_thread_in_native, id=20892, stack(0x0000008976d00000,0x0000008976e00000)]
  0x000001ea7f36b130 JavaThread "C1 CompilerThread0" daemon [_thread_in_native, id=1796, stack(0x0000008976e00000,0x0000008976f00000)]
  0x000001ea7f3dd9b0 JavaThread "Sweeper thread" daemon [_thread_blocked, id=20636, stack(0x0000008976f00000,0x0000008977000000)]
  0x000001ea7f53f2e0 JavaThread "Common-Cleaner" daemon [_thread_blocked, id=18488, stack(0x0000008977000000,0x0000008977100000)]
  0x000001ea7f6b0200 JavaThread "Monitor Ctrl-Break" daemon [_thread_in_native, id=20548, stack(0x0000008977100000,0x0000008977200000)]
  0x000001ea7f7680e0 JavaThread "Notification Thread" daemon [_thread_blocked, id=20912, stack(0x0000008977200000,0x0000008977300000)]

Other Threads:
  0x000001ea7f3427b0 VMThread "VM Thread" [stack: 0x0000008976600000,0x0000008976700000] [id=3784]
  0x000001ea7f6ba040 WatcherThread "VM Periodic Task Thread" [stack: 0x0000008977300000,0x0000008977400000] [id=12704]
  0x000001ea70c6d6a0 WorkerThread "GC Thread#0" [stack: 0x0000008976100000,0x0000008976200000] [id=1268]
  0x000001ea70c7dd90 ConcurrentGCThread "G1 Main Marker" [stack: 0x0000008976200000,0x0000008976300000] [id=14252]
  0x000001ea70c807f0 WorkerThread "G1 Conc#0" [stack: 0x0000008976300000,0x0000008976400000] [id=8236]
  0x000001ea70cbb0f0 ConcurrentGCThread "G1 Refine#0" [stack: 0x0000008976400000,0x0000008976500000] [id=13440]
  0x000001ea70cbbb60 ConcurrentGCThread "G1 Service" [stack: 0x0000008976500000,0x0000008976600000] [id=17776]

Threads with active compile tasks:
C2 CompilerThread0      802  775       4       java.util.zip.ZipUtils::CENCOM (9 bytes)
C1 CompilerThread0      802  765       3       java.net.URLStreamHandler::parseURL (1124 bytes)

VM state: not at safepoint (normal execution)

VM Mutex/Monitor currently owned by a thread: None

Heap address: 0x0000000084200000, size: 1982 MB, Compressed Oops mode: 32-bit

CDS archive(s) mapped at: [0x0000000800000000-0x0000000800ba0000-0x0000000800ba0000), size 12189696, SharedBaseAddress: 0x0000000800000000, ArchiveRelocationMode: 0.
Compressed class space mapped at: 0x0000000800c00000-0x0000000840c00000, reserved size: 1073741824
Narrow klass base: 0x0000000800000000, Narrow klass shift: 0, Narrow klass range: 0x100000000

GC Precious Log:
 CardTable entry size: 512
 Card Set container configuration: InlinePtr #cards 5 size 8 Array Of Cards #cards 12 size 40 Howl #buckets 4 coarsen threshold 1843 Howl Bitmap #cards 512 size 80 coarsen threshold 460 Card regions per heap region 1 cards per card region 2048
 CPUs: 4 total, 4 available
 Memory: 7926M
 Large Page Support: Disabled
 NUMA Support: Disabled
 Compressed Oops: Enabled (32-bit)
 Heap Region Size: 1M
 Heap Min Capacity: 8M
 Heap Initial Capacity: 124M
 Heap Max Capacity: 1982M
 Pre-touch: Disabled
 Parallel Workers: 4
 Concurrent Workers: 1
 Concurrent Refinement Workers: 4
 Periodic GC: Disabled

Heap:
 garbage-first heap   total 126976K, used 10240K [0x0000000084200000, 0x0000000100000000)
  region size 1024K, 11 young (11264K), 0 survivors (0K)
 Metaspace       used 6323K, committed 6528K, reserved 1114112K
  class space    used 629K, committed 704K, reserved 1048576K

Heap Regions: E=young(eden), S=young(survivor), O=old, HS=humongous(starts), HC=humongous(continues), CS=collection set, F=free, OA=open archive, CA=closed archive, TAMS=top-at-mark-start (previous, next)
|   0|0x0000000084200000, 0x0000000084300000, 0x0000000084300000|100%|HS|  |TAMS 0x0000000084200000, 0x0000000084200000| Complete 
|   1|0x0000000084300000, 0x0000000084300000, 0x0000000084400000|  0%| F|  |TAMS 0x0000000084300000, 0x0000000084300000| Untracked 
|   2|0x0000000084400000, 0x0000000084400000, 0x0000000084500000|  0%| F|  |TAMS 0x0000000084400000, 0x0000000084400000| Untracked 
|   3|0x0000000084500000, 0x0000000084500000, 0x0000000084600000|  0%| F|  |TAMS 0x0000000084500000, 0x0000000084500000| Untracked 
|   4|0x0000000084600000, 0x0000000084600000, 0x0000000084700000|  0%| F|  |TAMS 0x0000000084600000, 0x0000000084600000| Untracked 
|   5|0x0000000084700000, 0x0000000084700000, 0x0000000084800000|  0%| F|  |TAMS 0x0000000084700000, 0x0000000084700000| Untracked 
|   6|0x0000000084800000, 0x0000000084800000, 0x0000000084900000|  0%| F|  |TAMS 0x0000000084800000, 0x0000000084800000| Untracked 
|   7|0x0000000084900000, 0x0000000084900000, 0x0000000084a00000|  0%| F|  |TAMS 0x0000000084900000, 0x0000000084900000| Untracked 
|   8|0x0000000084a00000, 0x0000000084a00000, 0x0000000084b00000|  0%| F|  |TAMS 0x0000000084a00000, 0x0000000084a00000| Untracked 
|   9|0x0000000084b00000, 0x0000000084b00000, 0x0000000084c00000|  0%| F|  |TAMS 0x0000000084b00000, 0x0000000084b00000| Untracked 
|  10|0x0000000084c00000, 0x0000000084c00000, 0x0000000084d00000|  0%| F|  |TAMS 0x0000000084c00000, 0x0000000084c00000| Untracked 
|  11|0x0000000084d00000, 0x0000000084d00000, 0x0000000084e00000|  0%| F|  |TAMS 0x0000000084d00000, 0x0000000084d00000| Untracked 
|  12|0x0000000084e00000, 0x0000000084e00000, 0x0000000084f00000|  0%| F|  |TAMS 0x0000000084e00000, 0x0000000084e00000| Untracked 
|  13|0x0000000084f00000, 0x0000000084f00000, 0x0000000085000000|  0%| F|  |TAMS 0x0000000084f00000, 0x0000000084f00000| Untracked 
|  14|0x0000000085000000, 0x0000000085000000, 0x0000000085100000|  0%| F|  |TAMS 0x0000000085000000, 0x0000000085000000| Untracked 
|  15|0x0000000085100000, 0x0000000085100000, 0x0000000085200000|  0%| F|  |TAMS 0x0000000085100000, 0x0000000085100000| Untracked 
|  16|0x0000000085200000, 0x0000000085200000, 0x0000000085300000|  0%| F|  |TAMS 0x0000000085200000, 0x0000000085200000| Untracked 
|  17|0x0000000085300000, 0x0000000085300000, 0x0000000085400000|  0%| F|  |TAMS 0x0000000085300000, 0x0000000085300000| Untracked 
|  18|0x0000000085400000, 0x0000000085400000, 0x0000000085500000|  0%| F|  |TAMS 0x0000000085400000, 0x0000000085400000| Untracked 
|  19|0x0000000085500000, 0x0000000085500000, 0x0000000085600000|  0%| F|  |TAMS 0x0000000085500000, 0x0000000085500000| Untracked 
|  20|0x0000000085600000, 0x0000000085600000, 0x0000000085700000|  0%| F|  |TAMS 0x0000000085600000, 0x0000000085600000| Untracked 
|  21|0x0000000085700000, 0x0000000085700000, 0x0000000085800000|  0%| F|  |TAMS 0x0000000085700000, 0x0000000085700000| Untracked 
|  22|0x0000000085800000, 0x0000000085800000, 0x0000000085900000|  0%| F|  |TAMS 0x0000000085800000, 0x0000000085800000| Untracked 
|  23|0x0000000085900000, 0x0000000085900000, 0x0000000085a00000|  0%| F|  |TAMS 0x0000000085900000, 0x0000000085900000| Untracked 
|  24|0x0000000085a00000, 0x0000000085a00000, 0x0000000085b00000|  0%| F|  |TAMS 0x0000000085a00000, 0x0000000085a00000| Untracked 
|  25|0x0000000085b00000, 0x0000000085b00000, 0x0000000085c00000|  0%| F|  |TAMS 0x0000000085b00000, 0x0000000085b00000| Untracked 
|  26|0x0000000085c00000, 0x0000000085c00000, 0x0000000085d00000|  0%| F|  |TAMS 0x0000000085c00000, 0x0000000085c00000| Untracked 
|  27|0x0000000085d00000, 0x0000000085d00000, 0x0000000085e00000|  0%| F|  |TAMS 0x0000000085d00000, 0x0000000085d00000| Untracked 
|  28|0x0000000085e00000, 0x0000000085e00000, 0x0000000085f00000|  0%| F|  |TAMS 0x0000000085e00000, 0x0000000085e00000| Untracked 
|  29|0x0000000085f00000, 0x0000000085f00000, 0x0000000086000000|  0%| F|  |TAMS 0x0000000085f00000, 0x0000000085f00000| Untracked 
|  30|0x0000000086000000, 0x0000000086000000, 0x0000000086100000|  0%| F|  |TAMS 0x0000000086000000, 0x0000000086000000| Untracked 
|  31|0x0000000086100000, 0x0000000086100000, 0x0000000086200000|  0%| F|  |TAMS 0x0000000086100000, 0x0000000086100000| Untracked 
|  32|0x0000000086200000, 0x0000000086200000, 0x0000000086300000|  0%| F|  |TAMS 0x0000000086200000, 0x0000000086200000| Untracked 
|  33|0x0000000086300000, 0x0000000086300000, 0x0000000086400000|  0%| F|  |TAMS 0x0000000086300000, 0x0000000086300000| Untracked 
|  34|0x0000000086400000, 0x0000000086400000, 0x0000000086500000|  0%| F|  |TAMS 0x0000000086400000, 0x0000000086400000| Untracked 
|  35|0x0000000086500000, 0x0000000086500000, 0x0000000086600000|  0%| F|  |TAMS 0x0000000086500000, 0x0000000086500000| Untracked 
|  36|0x0000000086600000, 0x0000000086600000, 0x0000000086700000|  0%| F|  |TAMS 0x0000000086600000, 0x0000000086600000| Untracked 
|  37|0x0000000086700000, 0x0000000086700000, 0x0000000086800000|  0%| F|  |TAMS 0x0000000086700000, 0x0000000086700000| Untracked 
|  38|0x0000000086800000, 0x0000000086800000, 0x0000000086900000|  0%| F|  |TAMS 0x0000000086800000, 0x0000000086800000| Untracked 
|  39|0x0000000086900000, 0x0000000086900000, 0x0000000086a00000|  0%| F|  |TAMS 0x0000000086900000, 0x0000000086900000| Untracked 
|  40|0x0000000086a00000, 0x0000000086a00000, 0x0000000086b00000|  0%| F|  |TAMS 0x0000000086a00000, 0x0000000086a00000| Untracked 
|  41|0x0000000086b00000, 0x0000000086b00000, 0x0000000086c00000|  0%| F|  |TAMS 0x0000000086b00000, 0x0000000086b00000| Untracked 
|  42|0x0000000086c00000, 0x0000000086c00000, 0x0000000086d00000|  0%| F|  |TAMS 0x0000000086c00000, 0x0000000086c00000| Untracked 
|  43|0x0000000086d00000, 0x0000000086d00000, 0x0000000086e00000|  0%| F|  |TAMS 0x0000000086d00000, 0x0000000086d00000| Untracked 
|  44|0x0000000086e00000, 0x0000000086e00000, 0x0000000086f00000|  0%| F|  |TAMS 0x0000000086e00000, 0x0000000086e00000| Untracked 
|  45|0x0000000086f00000, 0x0000000086f00000, 0x0000000087000000|  0%| F|  |TAMS 0x0000000086f00000, 0x0000000086f00000| Untracked 
|  46|0x0000000087000000, 0x0000000087000000, 0x0000000087100000|  0%| F|  |TAMS 0x0000000087000000, 0x0000000087000000| Untracked 
|  47|0x0000000087100000, 0x0000000087100000, 0x0000000087200000|  0%| F|  |TAMS 0x0000000087100000, 0x0000000087100000| Untracked 
|  48|0x0000000087200000, 0x0000000087200000, 0x0000000087300000|  0%| F|  |TAMS 0x0000000087200000, 0x0000000087200000| Untracked 
|  49|0x0000000087300000, 0x0000000087300000, 0x0000000087400000|  0%| F|  |TAMS 0x0000000087300000, 0x0000000087300000| Untracked 
|  50|0x0000000087400000, 0x0000000087400000, 0x0000000087500000|  0%| F|  |TAMS 0x0000000087400000, 0x0000000087400000| Untracked 
|  51|0x0000000087500000, 0x0000000087500000, 0x0000000087600000|  0%| F|  |TAMS 0x0000000087500000, 0x0000000087500000| Untracked 
|  52|0x0000000087600000, 0x0000000087600000, 0x0000000087700000|  0%| F|  |TAMS 0x0000000087600000, 0x0000000087600000| Untracked 
|  53|0x0000000087700000, 0x0000000087700000, 0x0000000087800000|  0%| F|  |TAMS 0x0000000087700000, 0x0000000087700000| Untracked 
|  54|0x0000000087800000, 0x0000000087800000, 0x0000000087900000|  0%| F|  |TAMS 0x0000000087800000, 0x0000000087800000| Untracked 
|  55|0x0000000087900000, 0x0000000087900000, 0x0000000087a00000|  0%| F|  |TAMS 0x0000000087900000, 0x0000000087900000| Untracked 
|  56|0x0000000087a00000, 0x0000000087a00000, 0x0000000087b00000|  0%| F|  |TAMS 0x0000000087a00000, 0x0000000087a00000| Untracked 
|  57|0x0000000087b00000, 0x0000000087b00000, 0x0000000087c00000|  0%| F|  |TAMS 0x0000000087b00000, 0x0000000087b00000| Untracked 
|  58|0x0000000087c00000, 0x0000000087c00000, 0x0000000087d00000|  0%| F|  |TAMS 0x0000000087c00000, 0x0000000087c00000| Untracked 
|  59|0x0000000087d00000, 0x0000000087d00000, 0x0000000087e00000|  0%| F|  |TAMS 0x0000000087d00000, 0x0000000087d00000| Untracked 
|  60|0x0000000087e00000, 0x0000000087e00000, 0x0000000087f00000|  0%| F|  |TAMS 0x0000000087e00000, 0x0000000087e00000| Untracked 
|  61|0x0000000087f00000, 0x0000000087f00000, 0x0000000088000000|  0%| F|  |TAMS 0x0000000087f00000, 0x0000000087f00000| Untracked 
|  62|0x0000000088000000, 0x0000000088000000, 0x0000000088100000|  0%| F|  |TAMS 0x0000000088000000, 0x0000000088000000| Untracked 
|  63|0x0000000088100000, 0x0000000088100000, 0x0000000088200000|  0%| F|  |TAMS 0x0000000088100000, 0x0000000088100000| Untracked 
|  64|0x0000000088200000, 0x0000000088200000, 0x0000000088300000|  0%| F|  |TAMS 0x0000000088200000, 0x0000000088200000| Untracked 
|  65|0x0000000088300000, 0x0000000088300000, 0x0000000088400000|  0%| F|  |TAMS 0x0000000088300000, 0x0000000088300000| Untracked 
|  66|0x0000000088400000, 0x0000000088400000, 0x0000000088500000|  0%| F|  |TAMS 0x0000000088400000, 0x0000000088400000| Untracked 
|  67|0x0000000088500000, 0x0000000088500000, 0x0000000088600000|  0%| F|  |TAMS 0x0000000088500000, 0x0000000088500000| Untracked 
|  68|0x0000000088600000, 0x0000000088600000, 0x0000000088700000|  0%| F|  |TAMS 0x0000000088600000, 0x0000000088600000| Untracked 
|  69|0x0000000088700000, 0x0000000088700000, 0x0000000088800000|  0%| F|  |TAMS 0x0000000088700000, 0x0000000088700000| Untracked 
|  70|0x0000000088800000, 0x0000000088800000, 0x0000000088900000|  0%| F|  |TAMS 0x0000000088800000, 0x0000000088800000| Untracked 
|  71|0x0000000088900000, 0x0000000088900000, 0x0000000088a00000|  0%| F|  |TAMS 0x0000000088900000, 0x0000000088900000| Untracked 
|  72|0x0000000088a00000, 0x0000000088a00000, 0x0000000088b00000|  0%| F|  |TAMS 0x0000000088a00000, 0x0000000088a00000| Untracked 
|  73|0x0000000088b00000, 0x0000000088b00000, 0x0000000088c00000|  0%| F|  |TAMS 0x0000000088b00000, 0x0000000088b00000| Untracked 
|  74|0x0000000088c00000, 0x0000000088c00000, 0x0000000088d00000|  0%| F|  |TAMS 0x0000000088c00000, 0x0000000088c00000| Untracked 
|  75|0x0000000088d00000, 0x0000000088d00000, 0x0000000088e00000|  0%| F|  |TAMS 0x0000000088d00000, 0x0000000088d00000| Untracked 
|  76|0x0000000088e00000, 0x0000000088e00000, 0x0000000088f00000|  0%| F|  |TAMS 0x0000000088e00000, 0x0000000088e00000| Untracked 
|  77|0x0000000088f00000, 0x0000000088f00000, 0x0000000089000000|  0%| F|  |TAMS 0x0000000088f00000, 0x0000000088f00000| Untracked 
|  78|0x0000000089000000, 0x0000000089000000, 0x0000000089100000|  0%| F|  |TAMS 0x0000000089000000, 0x0000000089000000| Untracked 
|  79|0x0000000089100000, 0x0000000089100000, 0x0000000089200000|  0%| F|  |TAMS 0x0000000089100000, 0x0000000089100000| Untracked 
|  80|0x0000000089200000, 0x0000000089200000, 0x0000000089300000|  0%| F|  |TAMS 0x0000000089200000, 0x0000000089200000| Untracked 
|  81|0x0000000089300000, 0x0000000089300000, 0x0000000089400000|  0%| F|  |TAMS 0x0000000089300000, 0x0000000089300000| Untracked 
|  82|0x0000000089400000, 0x0000000089400000, 0x0000000089500000|  0%| F|  |TAMS 0x0000000089400000, 0x0000000089400000| Untracked 
|  83|0x0000000089500000, 0x0000000089500000, 0x0000000089600000|  0%| F|  |TAMS 0x0000000089500000, 0x0000000089500000| Untracked 
|  84|0x0000000089600000, 0x0000000089600000, 0x0000000089700000|  0%| F|  |TAMS 0x0000000089600000, 0x0000000089600000| Untracked 
|  85|0x0000000089700000, 0x0000000089700000, 0x0000000089800000|  0%| F|  |TAMS 0x0000000089700000, 0x0000000089700000| Untracked 
|  86|0x0000000089800000, 0x0000000089800000, 0x0000000089900000|  0%| F|  |TAMS 0x0000000089800000, 0x0000000089800000| Untracked 
|  87|0x0000000089900000, 0x0000000089900000, 0x0000000089a00000|  0%| F|  |TAMS 0x0000000089900000, 0x0000000089900000| Untracked 
|  88|0x0000000089a00000, 0x0000000089a00000, 0x0000000089b00000|  0%| F|  |TAMS 0x0000000089a00000, 0x0000000089a00000| Untracked 
|  89|0x0000000089b00000, 0x0000000089b00000, 0x0000000089c00000|  0%| F|  |TAMS 0x0000000089b00000, 0x0000000089b00000| Untracked 
|  90|0x0000000089c00000, 0x0000000089c00000, 0x0000000089d00000|  0%| F|  |TAMS 0x0000000089c00000, 0x0000000089c00000| Untracked 
|  91|0x0000000089d00000, 0x0000000089d00000, 0x0000000089e00000|  0%| F|  |TAMS 0x0000000089d00000, 0x0000000089d00000| Untracked 
|  92|0x0000000089e00000, 0x0000000089e00000, 0x0000000089f00000|  0%| F|  |TAMS 0x0000000089e00000, 0x0000000089e00000| Untracked 
|  93|0x0000000089f00000, 0x0000000089f00000, 0x000000008a000000|  0%| F|  |TAMS 0x0000000089f00000, 0x0000000089f00000| Untracked 
|  94|0x000000008a000000, 0x000000008a000000, 0x000000008a100000|  0%| F|  |TAMS 0x000000008a000000, 0x000000008a000000| Untracked 
|  95|0x000000008a100000, 0x000000008a100000, 0x000000008a200000|  0%| F|  |TAMS 0x000000008a100000, 0x000000008a100000| Untracked 
|  96|0x000000008a200000, 0x000000008a200000, 0x000000008a300000|  0%| F|  |TAMS 0x000000008a200000, 0x000000008a200000| Untracked 
|  97|0x000000008a300000, 0x000000008a300000, 0x000000008a400000|  0%| F|  |TAMS 0x000000008a300000, 0x000000008a300000| Untracked 
|  98|0x000000008a400000, 0x000000008a400000, 0x000000008a500000|  0%| F|  |TAMS 0x000000008a400000, 0x000000008a400000| Untracked 
|  99|0x000000008a500000, 0x000000008a500000, 0x000000008a600000|  0%| F|  |TAMS 0x000000008a500000, 0x000000008a500000| Untracked 
| 100|0x000000008a600000, 0x000000008a600000, 0x000000008a700000|  0%| F|  |TAMS 0x000000008a600000, 0x000000008a600000| Untracked 
| 101|0x000000008a700000, 0x000000008a700000, 0x000000008a800000|  0%| F|  |TAMS 0x000000008a700000, 0x000000008a700000| Untracked 
| 102|0x000000008a800000, 0x000000008a800000, 0x000000008a900000|  0%| F|  |TAMS 0x000000008a800000, 0x000000008a800000| Untracked 
| 103|0x000000008a900000, 0x000000008a900000, 0x000000008aa00000|  0%| F|  |TAMS 0x000000008a900000, 0x000000008a900000| Untracked 
| 104|0x000000008aa00000, 0x000000008aa00000, 0x000000008ab00000|  0%| F|  |TAMS 0x000000008aa00000, 0x000000008aa00000| Untracked 
| 105|0x000000008ab00000, 0x000000008ab00000, 0x000000008ac00000|  0%| F|  |TAMS 0x000000008ab00000, 0x000000008ab00000| Untracked 
| 106|0x000000008ac00000, 0x000000008ac00000, 0x000000008ad00000|  0%| F|  |TAMS 0x000000008ac00000, 0x000000008ac00000| Untracked 
| 107|0x000000008ad00000, 0x000000008ad00000, 0x000000008ae00000|  0%| F|  |TAMS 0x000000008ad00000, 0x000000008ad00000| Untracked 
| 108|0x000000008ae00000, 0x000000008ae00000, 0x000000008af00000|  0%| F|  |TAMS 0x000000008ae00000, 0x000000008ae00000| Untracked 
| 109|0x000000008af00000, 0x000000008af00000, 0x000000008b000000|  0%| F|  |TAMS 0x000000008af00000, 0x000000008af00000| Untracked 
| 110|0x000000008b000000, 0x000000008b000000, 0x000000008b100000|  0%| F|  |TAMS 0x000000008b000000, 0x000000008b000000| Untracked 
| 111|0x000000008b100000, 0x000000008b100000, 0x000000008b200000|  0%| F|  |TAMS 0x000000008b100000, 0x000000008b100000| Untracked 
| 112|0x000000008b200000, 0x000000008b200000, 0x000000008b300000|  0%| F|  |TAMS 0x000000008b200000, 0x000000008b200000| Untracked 
| 113|0x000000008b300000, 0x000000008b400000, 0x000000008b400000|100%| E|  |TAMS 0x000000008b300000, 0x000000008b300000| Complete 
| 114|0x000000008b400000, 0x000000008b500000, 0x000000008b500000|100%| E|CS|TAMS 0x000000008b400000, 0x000000008b400000| Complete 
| 115|0x000000008b500000, 0x000000008b600000, 0x000000008b600000|100%| E|CS|TAMS 0x000000008b500000, 0x000000008b500000| Complete 
| 116|0x000000008b600000, 0x000000008b700000, 0x000000008b700000|100%| E|CS|TAMS 0x000000008b600000, 0x000000008b600000| Complete 
| 117|0x000000008b700000, 0x000000008b800000, 0x000000008b800000|100%| E|CS|TAMS 0x000000008b700000, 0x000000008b700000| Complete 
| 118|0x000000008b800000, 0x000000008b900000, 0x000000008b900000|100%| E|  |TAMS 0x000000008b800000, 0x000000008b800000| Complete 
| 119|0x000000008b900000, 0x000000008ba00000, 0x000000008ba00000|100%| E|CS|TAMS 0x000000008b900000, 0x000000008b900000| Complete 
| 120|0x000000008ba00000, 0x000000008bb00000, 0x000000008bb00000|100%| E|CS|TAMS 0x000000008ba00000, 0x000000008ba00000| Complete 
| 121|0x000000008bb00000, 0x000000008bc00000, 0x000000008bc00000|100%| E|CS|TAMS 0x000000008bb00000, 0x000000008bb00000| Complete 
| 122|0x000000008bc00000, 0x000000008bd00000, 0x000000008bd00000|100%| E|CS|TAMS 0x000000008bc00000, 0x000000008bc00000| Complete 
| 123|0x000000008bd00000, 0x000000008be00000, 0x000000008be00000|100%| E|CS|TAMS 0x000000008bd00000, 0x000000008bd00000| Complete 

Card table byte_map: [0x000001ea78920000,0x000001ea78d00000] _byte_map_base: 0x000001ea784ff000

Marking Bits (Prev, Next): (CMBitMap*) 0x000001ea70c6dca0, (CMBitMap*) 0x000001ea70c6dce0
 Prev Bits: [0x000001ea790e0000, 0x000001ea7afd8000)
 Next Bits: [0x000001ea7afe0000, 0x000001ea7ced8000)

Polling page: 0x000001ea703d0000

Metaspace:

Usage:
  Non-class:      5.56 MB used.
      Class:    629.50 KB used.
       Both:      6.17 MB used.

Virtual space:
  Non-class space:       64.00 MB reserved,       5.69 MB (  9%) committed,  1 nodes.
      Class space:        1.00 GB reserved,     704.00 KB ( <1%) committed,  1 nodes.
             Both:        1.06 GB reserved,       6.38 MB ( <1%) committed. 

Chunk freelists:
   Non-Class:  1.61 MB
       Class:  3.16 MB
        Both:  4.77 MB

MaxMetaspaceSize: unlimited
CompressedClassSpaceSize: 1.00 GB
Initial GC threshold: 21.00 MB
Current GC threshold: 21.00 MB
CDS: on
MetaspaceReclaimPolicy: balanced
 - commit_granule_bytes: 65536.
 - commit_granule_words: 8192.
 - virtual_space_node_default_size: 8388608.
 - enlarge_chunks_in_place: 1.
 - new_chunks_are_fully_committed: 0.
 - uncommit_free_chunks: 1.
 - use_allocation_guard: 0.


Internal statistics:

num_allocs_failed_limit: 0.
num_arena_births: 92.
num_arena_deaths: 0.
num_vsnodes_births: 2.
num_vsnodes_deaths: 0.
num_space_committed: 102.
num_space_uncommitted: 0.
num_chunks_returned_to_freelist: 0.
num_chunks_taken_from_freelist: 171.
num_chunk_merges: 0.
num_chunk_splits: 114.
num_chunks_enlarged: 79.
num_inconsistent_stats: 0.

CodeHeap 'non-profiled nmethods': size=120000Kb used=245Kb max_used=245Kb free=119754Kb
 bounds [0x000001ea07ad0000, 0x000001ea07d40000, 0x000001ea0f000000]
CodeHeap 'profiled nmethods': size=120000Kb used=1220Kb max_used=1220Kb free=118779Kb
 bounds [0x000001ea005a0000, 0x000001ea00810000, 0x000001ea07ad0000]
CodeHeap 'non-nmethods': size=5760Kb used=1190Kb max_used=1206Kb free=4569Kb
 bounds [0x000001ea00000000, 0x000001ea00270000, 0x000001ea005a0000]
 total_blobs=1230 nmethods=768 adapters=375
 compilation: enabled
              stopped_count=0, restarted_count=0
 full_count=0

Compilation events (20 events):
Event: 0.709 Thread 0x000001ea7f36b130  759       3       java.io.File::exists (34 bytes)
Event: 0.709 Thread 0x000001ea7f36b130 nmethod 759 0x000001ea006c9990 code [0x000001ea006c9b60, 0x000001ea006c9f78]
Event: 0.711 Thread 0x000001ea7f36b130  760   !   3       jdk.internal.loader.BuiltinClassLoader::findClassOnClassPathOrNull (64 bytes)
Event: 0.713 Thread 0x000001ea7f36b130 nmethod 760 0x000001ea006ca110 code [0x000001ea006ca460, 0x000001ea006cb798]
Event: 0.713 Thread 0x000001ea7f36b130  761       3       java.util.logging.LogManager::getProperty (9 bytes)
Event: 0.714 Thread 0x000001ea7f36b130 nmethod 761 0x000001ea006cbf10 code [0x000001ea006cc0c0, 0x000001ea006cc228]
Event: 0.714 Thread 0x000001ea7f36b130  762       3       java.lang.invoke.LambdaForm$MH/0x0000000800c08000::invoke (25 bytes)
Event: 0.714 Thread 0x000001ea7f36b130 nmethod 762 0x000001ea006cc310 code [0x000001ea006cc4e0, 0x000001ea006cca38]
Event: 0.720 Thread 0x000001ea7f36b130  763       3       java.io.WinNTFileSystem::resolve (275 bytes)
Event: 0.725 Thread 0x000001ea7f36b130 nmethod 763 0x000001ea006ccb90 code [0x000001ea006cd080, 0x000001ea006cfe18]
Event: 0.726 Thread 0x000001ea7f36b130  764       3       sun.net.www.protocol.file.Handler::parseURL (18 bytes)
Event: 0.726 Thread 0x000001ea7f36b130 nmethod 764 0x000001ea006d0e90 code [0x000001ea006d1040, 0x000001ea006d11f8]
Event: 0.726 Thread 0x000001ea7f36b130  765       3       java.net.URLStreamHandler::parseURL (1124 bytes)
Event: 0.734 Thread 0x000001ea7f367bb0  771       4       java.lang.Object::<init> (1 bytes)
Event: 0.734 Thread 0x000001ea7f367bb0 nmethod 771 0x000001ea07b0ce90 code [0x000001ea07b0d000, 0x000001ea07b0d0b8]
Event: 0.734 Thread 0x000001ea7f367bb0  772       4       java.lang.String::isEmpty (14 bytes)
Event: 0.735 Thread 0x000001ea7f367bb0 nmethod 772 0x000001ea07b0d190 code [0x000001ea07b0d300, 0x000001ea07b0d398]
Event: 0.739 Thread 0x000001ea7f367bb0  774       4       java.util.zip.ZipUtils::CENEXT (9 bytes)
Event: 0.740 Thread 0x000001ea7f367bb0 nmethod 774 0x000001ea07b0d490 code [0x000001ea07b0d600, 0x000001ea07b0d6b8]
Event: 0.740 Thread 0x000001ea7f367bb0  775       4       java.util.zip.ZipUtils::CENCOM (9 bytes)

GC Heap History (0 events):
No events

Deoptimization events (20 events):
Event: 0.301 Thread 0x000001ea70c0e430 Uncommon trap: trap_request=0xffffff45 fr.pc=0x000001ea07adeda4 relative=0x00000000000000a4
Event: 0.301 Thread 0x000001ea70c0e430 Uncommon trap: reason=unstable_if action=reinterpret pc=0x000001ea07adeda4 method=java.lang.String.isLatin1()Z @ 10 c2
Event: 0.301 Thread 0x000001ea70c0e430 DEOPT PACKING pc=0x000001ea07adeda4 sp=0x00000089760feb40
Event: 0.301 Thread 0x000001ea70c0e430 DEOPT UNPACKING pc=0x000001ea00055c23 sp=0x00000089760fea80 mode 2
Event: 0.460 Thread 0x000001ea70c0e430 Uncommon trap: trap_request=0xffffffde fr.pc=0x000001ea07adcee4 relative=0x00000000000004c4
Event: 0.460 Thread 0x000001ea70c0e430 Uncommon trap: reason=class_check action=maybe_recompile pc=0x000001ea07adcee4 method=java.util.HashMap.putVal(ILjava/lang/Object;Ljava/lang/Object;ZZ)Ljava/lang/Object; @ 253 c2
Event: 0.460 Thread 0x000001ea70c0e430 DEOPT PACKING pc=0x000001ea07adcee4 sp=0x00000089760fea20
Event: 0.460 Thread 0x000001ea70c0e430 DEOPT UNPACKING pc=0x000001ea00055c23 sp=0x00000089760fe9e0 mode 2
Event: 0.460 Thread 0x000001ea70c0e430 Uncommon trap: trap_request=0xffffffde fr.pc=0x000001ea07adcee4 relative=0x00000000000004c4
Event: 0.460 Thread 0x000001ea70c0e430 Uncommon trap: reason=class_check action=maybe_recompile pc=0x000001ea07adcee4 method=java.util.HashMap.putVal(ILjava/lang/Object;Ljava/lang/Object;ZZ)Ljava/lang/Object; @ 253 c2
Event: 0.460 Thread 0x000001ea70c0e430 DEOPT PACKING pc=0x000001ea07adcee4 sp=0x00000089760fea20
Event: 0.460 Thread 0x000001ea70c0e430 DEOPT UNPACKING pc=0x000001ea00055c23 sp=0x00000089760fe9e0 mode 2
Event: 0.501 Thread 0x000001ea70c0e430 Uncommon trap: trap_request=0xffffff45 fr.pc=0x000001ea07add438 relative=0x0000000000000a18
Event: 0.501 Thread 0x000001ea70c0e430 Uncommon trap: reason=unstable_if action=reinterpret pc=0x000001ea07add438 method=java.util.HashMap.putVal(ILjava/lang/Object;Ljava/lang/Object;ZZ)Ljava/lang/Object; @ 181 c2
Event: 0.501 Thread 0x000001ea70c0e430 DEOPT PACKING pc=0x000001ea07add438 sp=0x00000089760fe690
Event: 0.501 Thread 0x000001ea70c0e430 DEOPT UNPACKING pc=0x000001ea00055c23 sp=0x00000089760fe650 mode 2
Event: 0.554 Thread 0x000001ea70c0e430 DEOPT PACKING pc=0x000001ea005d81d6 sp=0x00000089760fc040
Event: 0.554 Thread 0x000001ea70c0e430 DEOPT UNPACKING pc=0x000001ea00056763 sp=0x00000089760fb4e0 mode 0
Event: 0.695 Thread 0x000001ea70c0e430 DEOPT PACKING pc=0x000001ea006001e5 sp=0x00000089760fdb80
Event: 0.695 Thread 0x000001ea70c0e430 DEOPT UNPACKING pc=0x000001ea00056763 sp=0x00000089760fcfd0 mode 0

Classes loaded (20 events):
Event: 0.644 Loading class java/time/zone/Ser
Event: 0.645 Loading class java/io/Externalizable
Event: 0.645 Loading class java/io/Externalizable done
Event: 0.645 Loading class java/time/zone/Ser done
Event: 0.645 Loading class java/time/zone/ZoneOffsetTransition
Event: 0.645 Loading class java/time/zone/ZoneOffsetTransition done
Event: 0.647 Loading class java/time/ZonedDateTime
Event: 0.647 Loading class java/time/chrono/ChronoZonedDateTime
Event: 0.648 Loading class java/time/chrono/ChronoZonedDateTime done
Event: 0.648 Loading class java/time/ZonedDateTime done
Event: 0.650 Loading class java/lang/StackTraceElement$HashedModules
Event: 0.650 Loading class java/lang/StackTraceElement$HashedModules done
Event: 0.651 Loading class java/util/Formatter$DateTime
Event: 0.651 Loading class java/util/Formatter$DateTime done
Event: 0.651 Loading class java/time/ZonedDateTime$1
Event: 0.651 Loading class java/time/ZonedDateTime$1 done
Event: 0.671 Loading class java/util/ServiceLoader$ProviderSpliterator
Event: 0.672 Loading class java/util/ServiceLoader$ProviderSpliterator done
Event: 0.718 Loading class java/lang/NumberFormatException
Event: 0.719 Loading class java/lang/NumberFormatException done

Classes unloaded (0 events):
No events

Classes redefined (0 events):
No events

Internal exceptions (8 events):
Event: 0.284 Thread 0x000001ea70c0e430 Exception <a 'java/lang/NoSuchMethodError'{0x000000008bbf9578}: 'void java.lang.invoke.DirectMethodHandle$Holder.invokeStatic(java.lang.Object, java.lang.Object, java.lang.Object)'> (0x000000008bbf9578) 
thrown [s\open\src\hotspot\share\interpreter\linkResolver.cpp, line 759]
Event: 0.292 Thread 0x000001ea70c0e430 Exception <a 'java/lang/NoSuchMethodError'{0x000000008ba12790}: 'java.lang.Object java.lang.invoke.Invokers$Holder.invokeExact_MT(java.lang.Object, java.lang.Object, java.lang.Object, java.lang.Object, java.lang.Object)'> (0x000000008ba12790) 
thrown [s\open\src\hotspot\share\interpreter\linkResolver.cpp, line 759]
Event: 0.312 Thread 0x000001ea7f6b0200 Exception <a 'java/lang/NoSuchMethodError'{0x000000008ba49860}: 'void java.lang.invoke.DirectMethodHandle$Holder.invokeStatic(java.lang.Object, java.lang.Object)'> (0x000000008ba49860) 
thrown [s\open\src\hotspot\share\interpreter\linkResolver.cpp, line 759]
Event: 0.405 Thread 0x000001ea70c0e430 Exception <a 'java/lang/NoSuchMethodError'{0x000000008b808f40}: 'java.lang.ClassLoader java.lang.Class.getClassLoader(java.lang.Class)'> (0x000000008b808f40) 
thrown [s\open\src\hotspot\share\interpreter\linkResolver.cpp, line 759]
Event: 0.408 Thread 0x000001ea70c0e430 Exception <a 'java/lang/NoSuchMethodError'{0x000000008b8113e8}: 'java.lang.Object java.lang.invoke.DirectMethodHandle$Holder.invokeStatic(java.lang.Object, java.lang.Object, int)'> (0x000000008b8113e8) 
thrown [s\open\src\hotspot\share\interpreter\linkResolver.cpp, line 759]
Event: 0.412 Thread 0x000001ea70c0e430 Exception <a 'java/lang/NoSuchMethodError'{0x000000008b81d4a0}: 'void java.lang.invoke.DelegatingMethodHandle$Holder.delegate(java.lang.Object, java.lang.Object, int, java.lang.Object)'> (0x000000008b81d4a0) 
thrown [s\open\src\hotspot\share\interpreter\linkResolver.cpp, line 759]
Event: 0.412 Thread 0x000001ea70c0e430 Exception <a 'java/lang/NoSuchMethodError'{0x000000008b821548}: 'int java.lang.invoke.DirectMethodHandle$Holder.invokeSpecial(java.lang.Object, java.lang.Object, java.lang.Object)'> (0x000000008b821548) 
thrown [s\open\src\hotspot\share\interpreter\linkResolver.cpp, line 759]
Event: 0.549 Thread 0x000001ea70c0e430 Exception <a 'java/lang/ClassNotFoundException'{0x000000008b6a5440}: com/sun/org/apache/xerces/internal/impl/xpath/regex/spi/messageProvider> (0x000000008b6a5440) 
thrown [s\open\src\hotspot\share\classfile\systemDictionary.cpp, line 255]

VM Operations (6 events):
Event: 0.135 Executing VM operation: HandshakeAllThreads
Event: 0.135 Executing VM operation: HandshakeAllThreads done
Event: 0.304 Executing VM operation: HandshakeAllThreads
Event: 0.305 Executing VM operation: HandshakeAllThreads done
Event: 0.724 Executing VM operation: HandshakeAllThreads
Event: 0.724 Executing VM operation: HandshakeAllThreads done

Events (20 events):
Event: 0.040 Thread 0x000001ea70c0e430 Thread added: 0x000001ea70c0e430
Event: 0.043 Thread 0x000001ea7f3477c0 Thread added: 0x000001ea7f3477c0
Event: 0.044 Thread 0x000001ea7f349170 Thread added: 0x000001ea7f349170
Event: 0.072 Thread 0x000001ea7f365200 Thread added: 0x000001ea7f365200
Event: 0.072 Thread 0x000001ea7f365ba0 Thread added: 0x000001ea7f365ba0
Event: 0.072 Thread 0x000001ea7f366540 Thread added: 0x000001ea7f366540
Event: 0.072 Thread 0x000001ea7f366ee0 Thread added: 0x000001ea7f366ee0
Event: 0.072 Thread 0x000001ea7f367bb0 Thread added: 0x000001ea7f367bb0
Event: 0.073 Thread 0x000001ea7f36b130 Thread added: 0x000001ea7f36b130
Event: 0.074 Thread 0x000001ea7f3dd9b0 Thread added: 0x000001ea7f3dd9b0
Event: 0.126 Thread 0x000001ea7f53f2e0 Thread added: 0x000001ea7f53f2e0
Event: 0.156 Loaded shared library C:\Program Files\Java\jdk-18.0.2.1\bin\zip.dll
Event: 0.166 Loaded shared library C:\Program Files\Java\jdk-18.0.2.1\bin\instrument.dll
Event: 0.174 Loaded shared library C:\Program Files\Java\jdk-18.0.2.1\bin\net.dll
Event: 0.177 Loaded shared library C:\Program Files\Java\jdk-18.0.2.1\bin\nio.dll
Event: 0.186 Loaded shared library C:\Program Files\Java\jdk-18.0.2.1\bin\zip.dll
Event: 0.299 Loaded shared library C:\Program Files\JetBrains\IntelliJ IDEA Community Edition 2022.2.1\bin\breakgen64.dll
Event: 0.300 Thread 0x000001ea7f6b0200 Thread added: 0x000001ea7f6b0200
Event: 0.300 Thread 0x000001ea7f7680e0 Thread added: 0x000001ea7f7680e0
Event: 0.316 Loaded shared library C:\Program Files\Java\jdk-18.0.2.1\bin\jimage.dll


Dynamic libraries:
0x00007ff7395a0000 - 0x00007ff7395b0000 	C:\Program Files\Java\jdk-18.0.2.1\bin\java.exe
0x00007ff9219f0000 - 0x00007ff921c04000 	C:\WINDOWS\SYSTEM32\ntdll.dll
0x00007ff921760000 - 0x00007ff921822000 	C:\WINDOWS\System32\KERNEL32.DLL
0x00007ff91f060000 - 0x00007ff91f3fd000 	C:\WINDOWS\System32\KERNELBASE.dll
0x00007ff91ee20000 - 0x00007ff91ef31000 	C:\WINDOWS\System32\ucrtbase.dll
0x00007ff901a80000 - 0x00007ff901a98000 	C:\Program Files\Java\jdk-18.0.2.1\bin\jli.dll
0x00007ff91f8b0000 - 0x00007ff91f95e000 	C:\WINDOWS\System32\ADVAPI32.dll
0x00007ff91f7f0000 - 0x00007ff91f897000 	C:\WINDOWS\System32\msvcrt.dll
0x00007ff91f960000 - 0x00007ff91fa04000 	C:\WINDOWS\System32\sechost.dll
0x00007ff9188e0000 - 0x00007ff9188fa000 	C:\Program Files\Java\jdk-18.0.2.1\bin\VCRUNTIME140.dll
0x00007ff91fbc0000 - 0x00007ff91fcd5000 	C:\WINDOWS\System32\RPCRT4.dll
0x00007ff920340000 - 0x00007ff9204ea000 	C:\WINDOWS\System32\USER32.dll
0x00007ff91f7c0000 - 0x00007ff91f7e6000 	C:\WINDOWS\System32\win32u.dll
0x00007ff921830000 - 0x00007ff921859000 	C:\WINDOWS\System32\GDI32.dll
0x00007ff91ef40000 - 0x00007ff91f052000 	C:\WINDOWS\System32\gdi32full.dll
0x00007ff91f5f0000 - 0x00007ff91f68a000 	C:\WINDOWS\System32\msvcp_win.dll
0x00007ff90b860000 - 0x00007ff90baee000 	C:\WINDOWS\WinSxS\amd64_microsoft.windows.common-controls_6595b64144ccf1df_6.0.22621.608_none_a9444ca7c10bb01d\COMCTL32.dll
0x00007ff913d50000 - 0x00007ff913d5a000 	C:\WINDOWS\SYSTEM32\VERSION.dll
0x00007ff91fd40000 - 0x00007ff91fd72000 	C:\WINDOWS\System32\IMM32.DLL
0x00007ff901a70000 - 0x00007ff901a7c000 	C:\Program Files\Java\jdk-18.0.2.1\bin\vcruntime140_1.dll
0x00007ff8f28d0000 - 0x00007ff8f295d000 	C:\Program Files\Java\jdk-18.0.2.1\bin\msvcp140.dll
0x00007ff867770000 - 0x00007ff868381000 	C:\Program Files\Java\jdk-18.0.2.1\bin\server\jvm.dll
0x00007ff91f8a0000 - 0x00007ff91f8a8000 	C:\WINDOWS\System32\PSAPI.DLL
0x00007ff8fbeb0000 - 0x00007ff8fbeb9000 	C:\WINDOWS\SYSTEM32\WSOCK32.dll
0x00007ff915830000 - 0x00007ff915864000 	C:\WINDOWS\SYSTEM32\WINMM.dll
0x00007ff921860000 - 0x00007ff9218d1000 	C:\WINDOWS\System32\WS2_32.dll
0x00007ff91de60000 - 0x00007ff91de78000 	C:\WINDOWS\SYSTEM32\kernel.appcore.dll
0x00007ff901a60000 - 0x00007ff901a6a000 	C:\Program Files\Java\jdk-18.0.2.1\bin\jimage.dll
0x00007ff91c740000 - 0x00007ff91c96e000 	C:\WINDOWS\SYSTEM32\DBGHELP.DLL
0x00007ff91fd80000 - 0x00007ff92010a000 	C:\WINDOWS\System32\combase.dll
0x00007ff921360000 - 0x00007ff921437000 	C:\WINDOWS\System32\OLEAUT32.dll
0x00007ff8fc6c0000 - 0x00007ff8fc6f2000 	C:\WINDOWS\SYSTEM32\dbgcore.DLL
0x00007ff91f570000 - 0x00007ff91f5eb000 	C:\WINDOWS\System32\bcryptPrimitives.dll
0x00007ff919d40000 - 0x00007ff919d4e000 	C:\Program Files\Java\jdk-18.0.2.1\bin\instrument.dll
0x00007ff8f48d0000 - 0x00007ff8f48f5000 	C:\Program Files\Java\jdk-18.0.2.1\bin\java.dll
0x00007ff8f2520000 - 0x00007ff8f25f6000 	C:\Program Files\Java\jdk-18.0.2.1\bin\jsvml.dll
0x00007ff920560000 - 0x00007ff920d40000 	C:\WINDOWS\System32\SHELL32.dll
0x00007ff91ce10000 - 0x00007ff91d6d5000 	C:\WINDOWS\SYSTEM32\windows.storage.dll
0x00007ff91ccd0000 - 0x00007ff91ce0e000 	C:\WINDOWS\SYSTEM32\wintypes.dll
0x00007ff920190000 - 0x00007ff920281000 	C:\WINDOWS\System32\SHCORE.dll
0x00007ff91fce0000 - 0x00007ff91fd3e000 	C:\WINDOWS\System32\shlwapi.dll
0x00007ff91ed50000 - 0x00007ff91ed71000 	C:\WINDOWS\SYSTEM32\profapi.dll
0x00007ff8f29a0000 - 0x00007ff8f29b8000 	C:\Program Files\Java\jdk-18.0.2.1\bin\zip.dll
0x00007ff8f48b0000 - 0x00007ff8f48c3000 	C:\Program Files\Java\jdk-18.0.2.1\bin\net.dll
0x00007ff917910000 - 0x00007ff917a3f000 	C:\WINDOWS\SYSTEM32\WINHTTP.dll
0x00007ff91e390000 - 0x00007ff91e3f9000 	C:\WINDOWS\system32\mswsock.dll
0x00007ff8f29c0000 - 0x00007ff8f29d6000 	C:\Program Files\Java\jdk-18.0.2.1\bin\nio.dll
0x00007ff901840000 - 0x00007ff90185a000 	C:\Program Files\JetBrains\IntelliJ IDEA Community Edition 2022.2.1\bin\breakgen64.dll

dbghelp: loaded successfully - version: 4.0.5 - missing functions: none
symbol engine: initialized successfully - sym options: 0x614 - pdb path: .;C:\Program Files\Java\jdk-18.0.2.1\bin;C:\WINDOWS\SYSTEM32;C:\WINDOWS\WinSxS\amd64_microsoft.windows.common-controls_6595b64144ccf1df_6.0.22621.608_none_a9444ca7c10bb01d;C:\Program Files\Java\jdk-18.0.2.1\bin\server;C:\Program Files\JetBrains\IntelliJ IDEA Community Edition 2022.2.1\bin

VM Arguments:
jvm_args: -javaagent:C:\Program Files\JetBrains\IntelliJ IDEA Community Edition 2022.2.1\lib\idea_rt.jar=52571:C:\Program Files\JetBrains\IntelliJ IDEA Community Edition 2022.2.1\bin -Dfile.encoding=UTF-8 -Dsun.stdout.encoding=UTF-8 -Dsun.stderr.encoding=UTF-8 
java_command: com.masai.model.Main
java_class_path (initial): C:\Users\DELL\IdeaProjects\assignment6\target\classes;C:\Users\DELL\.m2\repository\com\mysql\mysql-connector-j\8.0.31\mysql-connector-j-8.0.31.jar;C:\Users\DELL\.m2\repository\com\google\protobuf\protobuf-java\3.19.4\protobuf-java-3.19.4.jar;C:\Users\DELL\.m2\repository\org\hibernate\hibernate-core\5.6.12.Final\hibernate-core-5.6.12.Final.jar;C:\Users\DELL\.m2\repository\org\jboss\logging\jboss-logging\3.4.3.Final\jboss-logging-3.4.3.Final.jar;C:\Users\DELL\.m2\repository\javax\persistence\javax.persistence-api\2.2\javax.persistence-api-2.2.jar;C:\Users\DELL\.m2\repository\net\bytebuddy\byte-buddy\1.12.9\byte-buddy-1.12.9.jar;C:\Users\DELL\.m2\repository\antlr\antlr\2.7.7\antlr-2.7.7.jar;C:\Users\DELL\.m2\repository\org\jboss\spec\javax\transaction\jboss-transaction-api_1.2_spec\1.1.1.Final\jboss-transaction-api_1.2_spec-1.1.1.Final.jar;C:\Users\DELL\.m2\repository\org\jboss\jandex\2.4.2.Final\jandex-2.4.2.Final.jar;C:\Users\DELL\.m2\repository\com\fasterxml\classmate\1.5.1\classmate-1.5.1.jar;C:\Users\DELL\.m2\repository\javax\activation\javax.activation-api\1.2.0\javax.activation-api-1.2.0.jar;C:\Users\DELL\.m2\repository\org\hibernate\common\hibernate-commons-annotations\5.1.2.Final\hibernate-commons-annotations-5.1.2.Final.jar;C:\Users\DELL\.m2\repository\javax\xml\bind\jaxb-api\2.3.1\jaxb-api-2.3.1.jar;C:\Users\DELL\.m2\repository\org\glassfish\jaxb\jaxb-runtime\2.3.1\jaxb-runtime-2.3.1.jar;C:\Users\DELL\.m2\repository\org\glassfish\jaxb\txw2\2.3.1\txw2-2.3.1.jar;C:\Users\DELL\.m2\repository\com\sun\istack\istack-commons-runtime\3.0.7\istack-commons-runtime-3.0.7.jar;C:\Users\DELL\.m2\repository\org\jvnet\staxex\stax-ex\1.8\stax-ex-1.8.jar;C:\Users\DELL\.m2\repository\com\sun\xml\fastinfoset\FastInfoset\1.2.15\FastInfoset-1.2.15.jar
Launcher Type: SUN_STANDARD

[Global flags]
     intx CICompilerCount                          = 3                                         {product} {ergonomic}
     uint ConcGCThreads                            = 1                                         {product} {ergonomic}
     uint G1ConcRefinementThreads                  = 4                                         {product} {ergonomic}
   size_t G1HeapRegionSize                         = 1048576                                   {product} {ergonomic}
    uintx GCDrainStackTargetSize                   = 64                                        {product} {ergonomic}
   size_t InitialHeapSize                          = 130023424                                 {product} {ergonomic}
   size_t MarkStackSize                            = 4194304                                   {product} {ergonomic}
   size_t MaxHeapSize                              = 2078277632                                {product} {ergonomic}
   size_t MaxNewSize                               = 1246756864                                {product} {ergonomic}
   size_t MinHeapDeltaBytes                        = 1048576                                   {product} {ergonomic}
   size_t MinHeapSize                              = 8388608                                   {product} {ergonomic}
    uintx NonNMethodCodeHeapSize                   = 5832780                                {pd product} {ergonomic}
    uintx NonProfiledCodeHeapSize                  = 122912730                              {pd product} {ergonomic}
    uintx ProfiledCodeHeapSize                     = 122912730                              {pd product} {ergonomic}
    uintx ReservedCodeCacheSize                    = 251658240                              {pd product} {ergonomic}
     bool SegmentedCodeCache                       = true                                      {product} {ergonomic}
   size_t SoftMaxHeapSize                          = 2078277632                             {manageable} {ergonomic}
     bool UseCompressedClassPointers               = true                           {product lp64_product} {ergonomic}
     bool UseCompressedOops                        = true                           {product lp64_product} {ergonomic}
     bool UseG1GC                                  = true                                      {product} {ergonomic}
     bool UseLargePagesIndividualAllocation        = false                                  {pd product} {ergonomic}

Logging:
Log output configuration:
 #0: stdout all=warning uptime,level,tags foldmultilines=false
 #1: stderr all=off uptime,level,tags foldmultilines=false

Environment Variables:
PATH=C:\Program Files\Common Files\Oracle\Java\javapath;C:\WINDOWS\system32;C:\WINDOWS;C:\WINDOWS\System32\Wbem;C:\WINDOWS\System32\WindowsPowerShell\v1.0\;C:\WINDOWS\System32\OpenSSH\;C:\Program Files\dotnet\;C:\Program Files\nodejs\;C:\Program Files\Git\cmd;C:\Users\DELL\Downloads\apache-maven-3.8.6\bin;C:\Users\DELL\AppData\Local\Programs\Python\Python310\Scripts\;C:\Users\DELL\AppData\Local\Programs\Python\Python310\;C:\Users\DELL\AppData\Local\Microsoft\WindowsApps;;C:\Users\DELL\Desktop\Microsoft VS Code\bin;C:\Users\DELL\AppData\Local\Programs\Microsoft VS Code\bin;C:\Users\DELL\AppData\Roaming\npm
USERNAME=DELL
OS=Windows_NT
PROCESSOR_IDENTIFIER=Intel64 Family 6 Model 140 Stepping 1, GenuineIntel



---------------  S Y S T E M  ---------------

OS:
 Windows 11 , 64 bit Build 22621 (10.0.22621.755)
OS uptime: 0 days 3:35 hours
Hyper-V role detected

CPU: total 4 (initial active 4) (2 cores per cpu, 2 threads per core) family 6 model 140 stepping 1 microcode 0xa4, cx8, cmov, fxsr, ht, mmx, 3dnowpref, sse, sse2, sse3, ssse3, sse4.1, sse4.2, popcnt, lzcnt, tsc, tscinvbit, avx, avx2, aes, erms, clmul, bmi1, bmi2, adx, avx512f, avx512dq, avx512cd, avx512bw, avx512vl, sha, fma, vzeroupper, avx512_vpopcntdq, avx512_vpclmulqdq, avx512_vaes, avx512_vnni, clflush, clflushopt, clwb, avx512_vbmi2, avx512_vbmi, hv

Memory: 4k page, system-wide physical 7926M (593M free)
TotalPageFile size 12890M (AvailPageFile size 2M)
current process WorkingSet (physical memory assigned to process): 60M, peak: 60M
current process commit charge ("private bytes"): 211M, peak: 211M

vm_info: Java HotSpot(TM) 64-Bit Server VM (18.0.2.1+1-1) for windows-amd64 JRE (18.0.2.1+1-1), built on Aug 16 2022 01:46:33 by "mach5one" with MS VC++ 16.8 / 16.9 (VS2019)

END.
